<?xml version="1.0" encoding="UTF-8"?>
<testsuite xmlns:xsi="http://www.w3.org/2001/XMLSchema-instance" xsi:noNamespaceSchemaLocation="https://maven.apache.org/surefire/maven-surefire-plugin/xsd/surefire-test-report-3.0.xsd" version="3.0" name="com.qa.webdriver.WebDriverWrapperTest" time="1.6" tests="0" errors="0" skipped="0" failures="0">
  <properties>
    <property name="java.specification.version" value="24"/>
    <property name="sun.jnu.encoding" value="UTF-8"/>
    <property name="java.class.path" value="/mnt/d/QAAutomationStudy/webdriverwrapper-workspace/target/test-classes:/mnt/d/QAAutomationStudy/webdriverwrapper-workspace/target/classes:/home/rick/.m2/repository/org/testng/testng/7.8.0/testng-7.8.0.jar:/home/rick/.m2/repository/com/beust/jcommander/1.82/jcommander-1.82.jar:/home/rick/.m2/repository/org/webjars/jquery/3.6.1/jquery-3.6.1.jar:/home/rick/.m2/repository/org/seleniumhq/selenium/selenium-java/4.15.0/selenium-java-4.15.0.jar:/home/rick/.m2/repository/org/seleniumhq/selenium/selenium-api/4.15.0/selenium-api-4.15.0.jar:/home/rick/.m2/repository/org/seleniumhq/selenium/selenium-chrome-driver/4.15.0/selenium-chrome-driver-4.15.0.jar:/home/rick/.m2/repository/com/google/auto/service/auto-service-annotations/1.1.1/auto-service-annotations-1.1.1.jar:/home/rick/.m2/repository/org/seleniumhq/selenium/selenium-chromium-driver/4.15.0/selenium-chromium-driver-4.15.0.jar:/home/rick/.m2/repository/org/seleniumhq/selenium/selenium-json/4.15.0/selenium-json-4.15.0.jar:/home/rick/.m2/repository/org/seleniumhq/selenium/selenium-manager/4.15.0/selenium-manager-4.15.0.jar:/home/rick/.m2/repository/org/seleniumhq/selenium/selenium-devtools-v117/4.15.0/selenium-devtools-v117-4.15.0.jar:/home/rick/.m2/repository/org/seleniumhq/selenium/selenium-devtools-v118/4.15.0/selenium-devtools-v118-4.15.0.jar:/home/rick/.m2/repository/org/seleniumhq/selenium/selenium-devtools-v119/4.15.0/selenium-devtools-v119-4.15.0.jar:/home/rick/.m2/repository/org/seleniumhq/selenium/selenium-devtools-v85/4.15.0/selenium-devtools-v85-4.15.0.jar:/home/rick/.m2/repository/org/seleniumhq/selenium/selenium-edge-driver/4.15.0/selenium-edge-driver-4.15.0.jar:/home/rick/.m2/repository/org/seleniumhq/selenium/selenium-firefox-driver/4.15.0/selenium-firefox-driver-4.15.0.jar:/home/rick/.m2/repository/org/seleniumhq/selenium/selenium-http/4.15.0/selenium-http-4.15.0.jar:/home/rick/.m2/repository/dev/failsafe/failsafe/3.3.2/failsafe-3.3.2.jar:/home/rick/.m2/repository/org/seleniumhq/selenium/selenium-ie-driver/4.15.0/selenium-ie-driver-4.15.0.jar:/home/rick/.m2/repository/org/seleniumhq/selenium/selenium-remote-driver/4.15.0/selenium-remote-driver-4.15.0.jar:/home/rick/.m2/repository/com/google/guava/guava/32.1.2-jre/guava-32.1.2-jre.jar:/home/rick/.m2/repository/com/google/guava/failureaccess/1.0.1/failureaccess-1.0.1.jar:/home/rick/.m2/repository/com/google/guava/listenablefuture/9999.0-empty-to-avoid-conflict-with-guava/listenablefuture-9999.0-empty-to-avoid-conflict-with-guava.jar:/home/rick/.m2/repository/com/google/code/findbugs/jsr305/3.0.2/jsr305-3.0.2.jar:/home/rick/.m2/repository/com/google/errorprone/error_prone_annotations/2.18.0/error_prone_annotations-2.18.0.jar:/home/rick/.m2/repository/com/google/j2objc/j2objc-annotations/2.8/j2objc-annotations-2.8.jar:/home/rick/.m2/repository/io/opentelemetry/opentelemetry-api/1.28.0/opentelemetry-api-1.28.0.jar:/home/rick/.m2/repository/io/opentelemetry/opentelemetry-context/1.28.0/opentelemetry-context-1.28.0.jar:/home/rick/.m2/repository/io/opentelemetry/opentelemetry-exporter-logging/1.28.0/opentelemetry-exporter-logging-1.28.0.jar:/home/rick/.m2/repository/io/opentelemetry/opentelemetry-sdk-metrics/1.28.0/opentelemetry-sdk-metrics-1.28.0.jar:/home/rick/.m2/repository/io/opentelemetry/opentelemetry-extension-incubator/1.28.0-alpha/opentelemetry-extension-incubator-1.28.0-alpha.jar:/home/rick/.m2/repository/io/opentelemetry/opentelemetry-sdk-logs/1.28.0/opentelemetry-sdk-logs-1.28.0.jar:/home/rick/.m2/repository/io/opentelemetry/opentelemetry-sdk-common/1.28.0/opentelemetry-sdk-common-1.28.0.jar:/home/rick/.m2/repository/io/opentelemetry/opentelemetry-sdk-extension-autoconfigure-spi/1.28.0/opentelemetry-sdk-extension-autoconfigure-spi-1.28.0.jar:/home/rick/.m2/repository/io/opentelemetry/opentelemetry-sdk-extension-autoconfigure/1.28.0/opentelemetry-sdk-extension-autoconfigure-1.28.0.jar:/home/rick/.m2/repository/io/opentelemetry/opentelemetry-api-events/1.28.0-alpha/opentelemetry-api-events-1.28.0-alpha.jar:/home/rick/.m2/repository/io/opentelemetry/opentelemetry-sdk-trace/1.28.0/opentelemetry-sdk-trace-1.28.0.jar:/home/rick/.m2/repository/io/opentelemetry/opentelemetry-sdk/1.28.0/opentelemetry-sdk-1.28.0.jar:/home/rick/.m2/repository/io/opentelemetry/opentelemetry-semconv/1.28.0-alpha/opentelemetry-semconv-1.28.0-alpha.jar:/home/rick/.m2/repository/net/bytebuddy/byte-buddy/1.14.5/byte-buddy-1.14.5.jar:/home/rick/.m2/repository/org/seleniumhq/selenium/selenium-os/4.15.0/selenium-os-4.15.0.jar:/home/rick/.m2/repository/org/apache/commons/commons-exec/1.3/commons-exec-1.3.jar:/home/rick/.m2/repository/org/seleniumhq/selenium/selenium-safari-driver/4.15.0/selenium-safari-driver-4.15.0.jar:/home/rick/.m2/repository/org/seleniumhq/selenium/selenium-support/4.15.0/selenium-support-4.15.0.jar:/home/rick/.m2/repository/io/rest-assured/rest-assured/5.3.2/rest-assured-5.3.2.jar:/home/rick/.m2/repository/org/apache/groovy/groovy/4.0.11/groovy-4.0.11.jar:/home/rick/.m2/repository/org/apache/groovy/groovy-xml/4.0.11/groovy-xml-4.0.11.jar:/home/rick/.m2/repository/org/apache/httpcomponents/httpclient/4.5.13/httpclient-4.5.13.jar:/home/rick/.m2/repository/org/apache/httpcomponents/httpcore/4.4.13/httpcore-4.4.13.jar:/home/rick/.m2/repository/commons-logging/commons-logging/1.2/commons-logging-1.2.jar:/home/rick/.m2/repository/commons-codec/commons-codec/1.11/commons-codec-1.11.jar:/home/rick/.m2/repository/org/apache/httpcomponents/httpmime/4.5.13/httpmime-4.5.13.jar:/home/rick/.m2/repository/org/hamcrest/hamcrest/2.2/hamcrest-2.2.jar:/home/rick/.m2/repository/org/ccil/cowan/tagsoup/tagsoup/1.2.1/tagsoup-1.2.1.jar:/home/rick/.m2/repository/io/rest-assured/json-path/5.3.2/json-path-5.3.2.jar:/home/rick/.m2/repository/org/apache/groovy/groovy-json/4.0.11/groovy-json-4.0.11.jar:/home/rick/.m2/repository/io/rest-assured/rest-assured-common/5.3.2/rest-assured-common-5.3.2.jar:/home/rick/.m2/repository/io/rest-assured/xml-path/5.3.2/xml-path-5.3.2.jar:/home/rick/.m2/repository/org/postgresql/postgresql/42.7.0/postgresql-42.7.0.jar:/home/rick/.m2/repository/org/checkerframework/checker-qual/3.31.0/checker-qual-3.31.0.jar:/home/rick/.m2/repository/io/github/bonigarcia/webdrivermanager/5.5.3/webdrivermanager-5.5.3.jar:/home/rick/.m2/repository/com/google/code/gson/gson/2.10.1/gson-2.10.1.jar:/home/rick/.m2/repository/com/github/docker-java/docker-java/3.3.3/docker-java-3.3.3.jar:/home/rick/.m2/repository/com/github/docker-java/docker-java-core/3.3.3/docker-java-core-3.3.3.jar:/home/rick/.m2/repository/com/github/docker-java/docker-java-api/3.3.3/docker-java-api-3.3.3.jar:/home/rick/.m2/repository/com/fasterxml/jackson/core/jackson-annotations/2.10.3/jackson-annotations-2.10.3.jar:/home/rick/.m2/repository/commons-io/commons-io/2.6/commons-io-2.6.jar:/home/rick/.m2/repository/org/apache/commons/commons-compress/1.21/commons-compress-1.21.jar:/home/rick/.m2/repository/com/fasterxml/jackson/core/jackson-databind/2.10.3/jackson-databind-2.10.3.jar:/home/rick/.m2/repository/com/fasterxml/jackson/core/jackson-core/2.10.3/jackson-core-2.10.3.jar:/home/rick/.m2/repository/org/bouncycastle/bcpkix-jdk18on/1.75/bcpkix-jdk18on-1.75.jar:/home/rick/.m2/repository/org/bouncycastle/bcprov-jdk18on/1.75/bcprov-jdk18on-1.75.jar:/home/rick/.m2/repository/org/bouncycastle/bcutil-jdk18on/1.75/bcutil-jdk18on-1.75.jar:/home/rick/.m2/repository/org/slf4j/jcl-over-slf4j/1.7.30/jcl-over-slf4j-1.7.30.jar:/home/rick/.m2/repository/com/github/docker-java/docker-java-transport-httpclient5/3.3.3/docker-java-transport-httpclient5-3.3.3.jar:/home/rick/.m2/repository/com/github/docker-java/docker-java-transport/3.3.3/docker-java-transport-3.3.3.jar:/home/rick/.m2/repository/net/java/dev/jna/jna/5.12.1/jna-5.12.1.jar:/home/rick/.m2/repository/org/brotli/dec/0.1.2/dec-0.1.2.jar:/home/rick/.m2/repository/org/apache/commons/commons-lang3/3.13.0/commons-lang3-3.13.0.jar:/home/rick/.m2/repository/org/apache/httpcomponents/client5/httpclient5/5.2.1/httpclient5-5.2.1.jar:/home/rick/.m2/repository/org/apache/httpcomponents/core5/httpcore5/5.2/httpcore5-5.2.jar:/home/rick/.m2/repository/org/apache/httpcomponents/core5/httpcore5-h2/5.2/httpcore5-h2-5.2.jar:/home/rick/.m2/repository/ch/qos/logback/logback-classic/1.4.14/logback-classic-1.4.14.jar:/home/rick/.m2/repository/ch/qos/logback/logback-core/1.4.14/logback-core-1.4.14.jar:/home/rick/.m2/repository/org/slf4j/slf4j-api/2.0.9/slf4j-api-2.0.9.jar:"/>
    <property name="java.vm.vendor" value="Eclipse Adoptium"/>
    <property name="sun.arch.data.model" value="64"/>
    <property name="java.vendor.url" value="https://adoptium.net/"/>
    <property name="user.timezone" value="America/Los_Angeles"/>
    <property name="os.name" value="Linux"/>
    <property name="java.vm.specification.version" value="24"/>
    <property name="sun.java.launcher" value="SUN_STANDARD"/>
    <property name="sun.boot.library.path" value="/home/rick/.sdkman/candidates/java/24.0.1-tem/lib"/>
    <property name="sun.java.command" value="/mnt/d/QAAutomationStudy/webdriverwrapper-workspace/target/surefire/surefirebooter-20251018010225738_3.jar /mnt/d/QAAutomationStudy/webdriverwrapper-workspace/target/surefire 2025-10-18T01-02-25_453-jvmRun1 surefire-20251018010225738_1tmp surefire_0-20251018010225738_2tmp"/>
    <property name="jdk.debug" value="release"/>
    <property name="test" value="WebDriverWrapperTest#testNavigationMethods"/>
    <property name="surefire.test.class.path" value="/mnt/d/QAAutomationStudy/webdriverwrapper-workspace/target/test-classes:/mnt/d/QAAutomationStudy/webdriverwrapper-workspace/target/classes:/home/rick/.m2/repository/org/testng/testng/7.8.0/testng-7.8.0.jar:/home/rick/.m2/repository/com/beust/jcommander/1.82/jcommander-1.82.jar:/home/rick/.m2/repository/org/webjars/jquery/3.6.1/jquery-3.6.1.jar:/home/rick/.m2/repository/org/seleniumhq/selenium/selenium-java/4.15.0/selenium-java-4.15.0.jar:/home/rick/.m2/repository/org/seleniumhq/selenium/selenium-api/4.15.0/selenium-api-4.15.0.jar:/home/rick/.m2/repository/org/seleniumhq/selenium/selenium-chrome-driver/4.15.0/selenium-chrome-driver-4.15.0.jar:/home/rick/.m2/repository/com/google/auto/service/auto-service-annotations/1.1.1/auto-service-annotations-1.1.1.jar:/home/rick/.m2/repository/org/seleniumhq/selenium/selenium-chromium-driver/4.15.0/selenium-chromium-driver-4.15.0.jar:/home/rick/.m2/repository/org/seleniumhq/selenium/selenium-json/4.15.0/selenium-json-4.15.0.jar:/home/rick/.m2/repository/org/seleniumhq/selenium/selenium-manager/4.15.0/selenium-manager-4.15.0.jar:/home/rick/.m2/repository/org/seleniumhq/selenium/selenium-devtools-v117/4.15.0/selenium-devtools-v117-4.15.0.jar:/home/rick/.m2/repository/org/seleniumhq/selenium/selenium-devtools-v118/4.15.0/selenium-devtools-v118-4.15.0.jar:/home/rick/.m2/repository/org/seleniumhq/selenium/selenium-devtools-v119/4.15.0/selenium-devtools-v119-4.15.0.jar:/home/rick/.m2/repository/org/seleniumhq/selenium/selenium-devtools-v85/4.15.0/selenium-devtools-v85-4.15.0.jar:/home/rick/.m2/repository/org/seleniumhq/selenium/selenium-edge-driver/4.15.0/selenium-edge-driver-4.15.0.jar:/home/rick/.m2/repository/org/seleniumhq/selenium/selenium-firefox-driver/4.15.0/selenium-firefox-driver-4.15.0.jar:/home/rick/.m2/repository/org/seleniumhq/selenium/selenium-http/4.15.0/selenium-http-4.15.0.jar:/home/rick/.m2/repository/dev/failsafe/failsafe/3.3.2/failsafe-3.3.2.jar:/home/rick/.m2/repository/org/seleniumhq/selenium/selenium-ie-driver/4.15.0/selenium-ie-driver-4.15.0.jar:/home/rick/.m2/repository/org/seleniumhq/selenium/selenium-remote-driver/4.15.0/selenium-remote-driver-4.15.0.jar:/home/rick/.m2/repository/com/google/guava/guava/32.1.2-jre/guava-32.1.2-jre.jar:/home/rick/.m2/repository/com/google/guava/failureaccess/1.0.1/failureaccess-1.0.1.jar:/home/rick/.m2/repository/com/google/guava/listenablefuture/9999.0-empty-to-avoid-conflict-with-guava/listenablefuture-9999.0-empty-to-avoid-conflict-with-guava.jar:/home/rick/.m2/repository/com/google/code/findbugs/jsr305/3.0.2/jsr305-3.0.2.jar:/home/rick/.m2/repository/com/google/errorprone/error_prone_annotations/2.18.0/error_prone_annotations-2.18.0.jar:/home/rick/.m2/repository/com/google/j2objc/j2objc-annotations/2.8/j2objc-annotations-2.8.jar:/home/rick/.m2/repository/io/opentelemetry/opentelemetry-api/1.28.0/opentelemetry-api-1.28.0.jar:/home/rick/.m2/repository/io/opentelemetry/opentelemetry-context/1.28.0/opentelemetry-context-1.28.0.jar:/home/rick/.m2/repository/io/opentelemetry/opentelemetry-exporter-logging/1.28.0/opentelemetry-exporter-logging-1.28.0.jar:/home/rick/.m2/repository/io/opentelemetry/opentelemetry-sdk-metrics/1.28.0/opentelemetry-sdk-metrics-1.28.0.jar:/home/rick/.m2/repository/io/opentelemetry/opentelemetry-extension-incubator/1.28.0-alpha/opentelemetry-extension-incubator-1.28.0-alpha.jar:/home/rick/.m2/repository/io/opentelemetry/opentelemetry-sdk-logs/1.28.0/opentelemetry-sdk-logs-1.28.0.jar:/home/rick/.m2/repository/io/opentelemetry/opentelemetry-sdk-common/1.28.0/opentelemetry-sdk-common-1.28.0.jar:/home/rick/.m2/repository/io/opentelemetry/opentelemetry-sdk-extension-autoconfigure-spi/1.28.0/opentelemetry-sdk-extension-autoconfigure-spi-1.28.0.jar:/home/rick/.m2/repository/io/opentelemetry/opentelemetry-sdk-extension-autoconfigure/1.28.0/opentelemetry-sdk-extension-autoconfigure-1.28.0.jar:/home/rick/.m2/repository/io/opentelemetry/opentelemetry-api-events/1.28.0-alpha/opentelemetry-api-events-1.28.0-alpha.jar:/home/rick/.m2/repository/io/opentelemetry/opentelemetry-sdk-trace/1.28.0/opentelemetry-sdk-trace-1.28.0.jar:/home/rick/.m2/repository/io/opentelemetry/opentelemetry-sdk/1.28.0/opentelemetry-sdk-1.28.0.jar:/home/rick/.m2/repository/io/opentelemetry/opentelemetry-semconv/1.28.0-alpha/opentelemetry-semconv-1.28.0-alpha.jar:/home/rick/.m2/repository/net/bytebuddy/byte-buddy/1.14.5/byte-buddy-1.14.5.jar:/home/rick/.m2/repository/org/seleniumhq/selenium/selenium-os/4.15.0/selenium-os-4.15.0.jar:/home/rick/.m2/repository/org/apache/commons/commons-exec/1.3/commons-exec-1.3.jar:/home/rick/.m2/repository/org/seleniumhq/selenium/selenium-safari-driver/4.15.0/selenium-safari-driver-4.15.0.jar:/home/rick/.m2/repository/org/seleniumhq/selenium/selenium-support/4.15.0/selenium-support-4.15.0.jar:/home/rick/.m2/repository/io/rest-assured/rest-assured/5.3.2/rest-assured-5.3.2.jar:/home/rick/.m2/repository/org/apache/groovy/groovy/4.0.11/groovy-4.0.11.jar:/home/rick/.m2/repository/org/apache/groovy/groovy-xml/4.0.11/groovy-xml-4.0.11.jar:/home/rick/.m2/repository/org/apache/httpcomponents/httpclient/4.5.13/httpclient-4.5.13.jar:/home/rick/.m2/repository/org/apache/httpcomponents/httpcore/4.4.13/httpcore-4.4.13.jar:/home/rick/.m2/repository/commons-logging/commons-logging/1.2/commons-logging-1.2.jar:/home/rick/.m2/repository/commons-codec/commons-codec/1.11/commons-codec-1.11.jar:/home/rick/.m2/repository/org/apache/httpcomponents/httpmime/4.5.13/httpmime-4.5.13.jar:/home/rick/.m2/repository/org/hamcrest/hamcrest/2.2/hamcrest-2.2.jar:/home/rick/.m2/repository/org/ccil/cowan/tagsoup/tagsoup/1.2.1/tagsoup-1.2.1.jar:/home/rick/.m2/repository/io/rest-assured/json-path/5.3.2/json-path-5.3.2.jar:/home/rick/.m2/repository/org/apache/groovy/groovy-json/4.0.11/groovy-json-4.0.11.jar:/home/rick/.m2/repository/io/rest-assured/rest-assured-common/5.3.2/rest-assured-common-5.3.2.jar:/home/rick/.m2/repository/io/rest-assured/xml-path/5.3.2/xml-path-5.3.2.jar:/home/rick/.m2/repository/org/postgresql/postgresql/42.7.0/postgresql-42.7.0.jar:/home/rick/.m2/repository/org/checkerframework/checker-qual/3.31.0/checker-qual-3.31.0.jar:/home/rick/.m2/repository/io/github/bonigarcia/webdrivermanager/5.5.3/webdrivermanager-5.5.3.jar:/home/rick/.m2/repository/com/google/code/gson/gson/2.10.1/gson-2.10.1.jar:/home/rick/.m2/repository/com/github/docker-java/docker-java/3.3.3/docker-java-3.3.3.jar:/home/rick/.m2/repository/com/github/docker-java/docker-java-core/3.3.3/docker-java-core-3.3.3.jar:/home/rick/.m2/repository/com/github/docker-java/docker-java-api/3.3.3/docker-java-api-3.3.3.jar:/home/rick/.m2/repository/com/fasterxml/jackson/core/jackson-annotations/2.10.3/jackson-annotations-2.10.3.jar:/home/rick/.m2/repository/commons-io/commons-io/2.6/commons-io-2.6.jar:/home/rick/.m2/repository/org/apache/commons/commons-compress/1.21/commons-compress-1.21.jar:/home/rick/.m2/repository/com/fasterxml/jackson/core/jackson-databind/2.10.3/jackson-databind-2.10.3.jar:/home/rick/.m2/repository/com/fasterxml/jackson/core/jackson-core/2.10.3/jackson-core-2.10.3.jar:/home/rick/.m2/repository/org/bouncycastle/bcpkix-jdk18on/1.75/bcpkix-jdk18on-1.75.jar:/home/rick/.m2/repository/org/bouncycastle/bcprov-jdk18on/1.75/bcprov-jdk18on-1.75.jar:/home/rick/.m2/repository/org/bouncycastle/bcutil-jdk18on/1.75/bcutil-jdk18on-1.75.jar:/home/rick/.m2/repository/org/slf4j/jcl-over-slf4j/1.7.30/jcl-over-slf4j-1.7.30.jar:/home/rick/.m2/repository/com/github/docker-java/docker-java-transport-httpclient5/3.3.3/docker-java-transport-httpclient5-3.3.3.jar:/home/rick/.m2/repository/com/github/docker-java/docker-java-transport/3.3.3/docker-java-transport-3.3.3.jar:/home/rick/.m2/repository/net/java/dev/jna/jna/5.12.1/jna-5.12.1.jar:/home/rick/.m2/repository/org/brotli/dec/0.1.2/dec-0.1.2.jar:/home/rick/.m2/repository/org/apache/commons/commons-lang3/3.13.0/commons-lang3-3.13.0.jar:/home/rick/.m2/repository/org/apache/httpcomponents/client5/httpclient5/5.2.1/httpclient5-5.2.1.jar:/home/rick/.m2/repository/org/apache/httpcomponents/core5/httpcore5/5.2/httpcore5-5.2.jar:/home/rick/.m2/repository/org/apache/httpcomponents/core5/httpcore5-h2/5.2/httpcore5-h2-5.2.jar:/home/rick/.m2/repository/ch/qos/logback/logback-classic/1.4.14/logback-classic-1.4.14.jar:/home/rick/.m2/repository/ch/qos/logback/logback-core/1.4.14/logback-core-1.4.14.jar:/home/rick/.m2/repository/org/slf4j/slf4j-api/2.0.9/slf4j-api-2.0.9.jar:"/>
    <property name="sun.cpu.endian" value="little"/>
    <property name="user.home" value="/home/rick"/>
    <property name="user.language" value="en"/>
    <property name="java.specification.vendor" value="Oracle Corporation"/>
    <property name="java.version.date" value="2025-04-15"/>
    <property name="java.home" value="/home/rick/.sdkman/candidates/java/24.0.1-tem"/>
    <property name="file.separator" value="/"/>
    <property name="basedir" value="/mnt/d/QAAutomationStudy/webdriverwrapper-workspace"/>
    <property name="java.vm.compressedOopsMode" value="Zero based"/>
    <property name="line.separator" value="&#10;"/>
    <property name="java.specification.name" value="Java Platform API Specification"/>
    <property name="java.vm.specification.vendor" value="Oracle Corporation"/>
    <property name="surefire.real.class.path" value="/mnt/d/QAAutomationStudy/webdriverwrapper-workspace/target/surefire/surefirebooter-20251018010225738_3.jar"/>
    <property name="sun.management.compiler" value="HotSpot 64-Bit Tiered Compilers"/>
    <property name="java.runtime.version" value="24.0.1+9"/>
    <property name="user.name" value="rick"/>
    <property name="stdout.encoding" value="UTF-8"/>
    <property name="path.separator" value=":"/>
    <property name="os.version" value="6.6.87.2-microsoft-standard-WSL2"/>
    <property name="java.runtime.name" value="OpenJDK Runtime Environment"/>
    <property name="file.encoding" value="UTF-8"/>
    <property name="java.vm.name" value="OpenJDK 64-Bit Server VM"/>
    <property name="java.vendor.version" value="Temurin-24.0.1+9"/>
    <property name="localRepository" value="/home/rick/.m2/repository"/>
    <property name="java.vendor.url.bug" value="https://github.com/adoptium/adoptium-support/issues"/>
    <property name="java.io.tmpdir" value="/tmp"/>
    <property name="java.version" value="24.0.1"/>
    <property name="user.dir" value="/mnt/d/QAAutomationStudy/webdriverwrapper-workspace"/>
    <property name="os.arch" value="amd64"/>
    <property name="java.vm.specification.name" value="Java Virtual Machine Specification"/>
    <property name="native.encoding" value="UTF-8"/>
    <property name="java.library.path" value="/usr/java/packages/lib:/usr/lib64:/lib64:/lib:/usr/lib"/>
    <property name="java.vm.info" value="mixed mode, sharing"/>
    <property name="stderr.encoding" value="UTF-8"/>
    <property name="java.vendor" value="Eclipse Adoptium"/>
    <property name="java.vm.version" value="24.0.1+9"/>
    <property name="sun.io.unicode.encoding" value="UnicodeLittle"/>
    <property name="java.class.version" value="68.0"/>
  </properties>
</testsuite>